<?xml version="1.0" encoding="UTF-8"?>
<dataset>
  <sc_mailinglist_MESSAGE id="1" version="1"
    title="Simple database message" attachmentsSize="10000"
    summary="Bonjour famille Simpson, j'espère que vous allez bien. Ici tout se passe bien et Krusty est très sympathique. Surtout depuis que Tahiti Bob est retourné en prison. Je dois remplacer l'homme canon dans"
    sender="bart.simpson@silverpeas.com"
    sentDate="2008-03-01 10:34:15.0000" mailId="0000001747b40c8d"
    referenceId="null" moderated="1" componentId="componentId"
    messageYear="2008" messageMonth="2" contentType="text/plain"
    body="Bonjour famille Simpson, j'espère que vous allez bien. Ici tout se passe bien et Krusty est très sympathique. Surtout depuis que Tahiti Bob est retourné en prison. Je dois remplacer l'homme canon dans la prochaine émission.Bart" />

  <sc_mailinglist_MESSAGE id="2" version="1"
    title="Simple database message 2" attachmentsSize="0"
    summary="Bonjour famille Simpson, j'espère que vous allez bien. Ici tout se passe bien et Krusty est très sympathique. Surtout depuis que Tahiti Bob est retourné en prison. Je dois remplacer l'homme canon dans"
    sender="bart.simpson@silverpeas.com"
    sentDate="2008-02-01 10:34:15.0000" mailId="0000001747b40c83"
    referenceId="null" moderated="1" componentId="componentId"
    messageYear="2008" messageMonth="1" contentType="text/plain"
    body="Bonjour famille Simpson, j'espère que vous allez bien. Ici tout se passe bien et Krusty est très sympathique. Surtout depuis que Tahiti Bob est retourné en prison. Je dois remplacer l'homme canon dans la prochaine émission.Bart" />

  <sc_mailinglist_MESSAGE id="3" version="1"
    title="Simple database message 3" attachmentsSize="0"
    summary="Bonjour famille Simpson, j'espère que vous allez bien. Ici tout se passe bien et Krusty est très sympathique. Surtout depuis que Tahiti Bob est retourné en prison. Je dois remplacer l'homme canon dans"
    sender="bart.simpson@silverpeas.com"
    sentDate="2008-03-02 10:34:15.0000" mailId="0000001747b40c95"
    referenceId="null" moderated="0" componentId="componentId"
    messageYear="2008" messageMonth="2" contentType="text/plain"
    body="Bonjour famille Simpson, j'espère que vous allez bien. Ici tout se passe bien et Krusty est très sympathique. Surtout depuis que Tahiti Bob est retourné en prison. Je dois remplacer l'homme canon dans la prochaine émission.Bart" />

  <sc_mailinglist_ATTACHMENT id="1" version="1" fileName="lemonde.html"
    attachmentSize="10000" messageId="1" contentType="text/html"
    attachmentPath="c:\tmp\uploads\componentId\mailId@silverpeas.com\lemonde.html" />
</dataset>